<?xml version="1.0" encoding="UTF-8"?>
<!-- Generated by org.testng.reporters.JUnitReportReporter -->
<testsuite hostname="DESKTOP-PAVFC2D" failures="0" tests="1" name="TestCases.HomePageTest" time="9.115" errors="0" timestamp="2025-03-19T14:57:37 IST" skipped="0">
  <testcase classname="TestCases.HomePageTest" name="tc01_AddToCartTest" time="9.115"/>
</testsuite> <!-- TestCases.HomePageTest -->
