<?xml version="1.0" encoding="UTF-8"?>
<!-- Generated by org.testng.reporters.JUnitReportReporter -->
<testsuite hostname="INBook_X1" failures="0" tests="3" name="TestCases.TC_LoginPage" time="6.841" errors="0" timestamp="2024-07-21T23:12:24 IST" skipped="0">
  <testcase classname="TestCases.TC_LoginPage" name="TC01_LoginSuccessTest" time="2.781"/>
  <system-out/>
  <testcase classname="TestCases.TC_LoginPage" name="TC02_LoginFailureTest" time="2.164"/>
  <system-out/>
  <testcase classname="TestCases.TC_LoginPage" name="TC03_LockedUserTest" time="1.896"/>
  <system-out/>
</testsuite> <!-- TestCases.TC_LoginPage -->
