<?xml version="1.0" encoding="UTF-8"?>
<!-- Generated by org.testng.reporters.JUnitReportReporter -->
<testsuite hostname="DESKTOP-PAVFC2D" failures="0" tests="3" name="TestCases.TC_LoginPage" time="10.328" errors="0" timestamp="2025-03-19T15:15:39 IST" skipped="0">
  <testcase classname="TestCases.TC_LoginPage" name="TC03_LockedUserTest" time="2.594"/>
  <testcase classname="TestCases.TC_LoginPage" name="TC02_LoginFailureTest" time="2.977"/>
  <testcase classname="TestCases.TC_LoginPage" name="TC01_LoginSuccessTest" time="4.757"/>
</testsuite> <!-- TestCases.TC_LoginPage -->
