<?xml version="1.0" encoding="UTF-8"?>
<!-- Generated by org.testng.reporters.JUnitReportReporter -->
<testsuite hostname="DESKTOP-PAVFC2D" failures="0" tests="3" name="TestCases.TC_LoginPage" time="11.497" errors="0" timestamp="2025-03-23T17:40:22 IST" skipped="0">
  <testcase classname="TestCases.TC_LoginPage" name="TC02_LoginFailureTest" time="3.167"/>
  <testcase classname="TestCases.TC_LoginPage" name="TC01_LoginSuccessTest" time="5.127"/>
  <testcase classname="TestCases.TC_LoginPage" name="TC03_LockedUserTest" time="3.203"/>
</testsuite> <!-- TestCases.TC_LoginPage -->
