<?xml version="1.0" encoding="UTF-8"?>
<!-- Generated by org.testng.reporters.JUnitReportReporter -->
<testsuite hostname="DESKTOP-PAVFC2D" failures="0" tests="1" name="TestCases.HomePageTest" time="7.855" errors="0" timestamp="2025-03-23T17:40:22 IST" skipped="0">
  <testcase classname="TestCases.HomePageTest" name="tc01_AddToCartTest" time="7.855"/>
</testsuite> <!-- TestCases.HomePageTest -->
