<?xml version="1.0" encoding="UTF-8"?>
<!-- Generated by org.testng.reporters.JUnitReportReporter -->
<testsuite hostname="DESKTOP-PAVFC2D" failures="0" tests="3" name="TestCases.TC_LoginPage" time="12.206" errors="0" timestamp="2025-03-19T15:48:54 IST" skipped="0">
  <testcase classname="TestCases.TC_LoginPage" name="TC02_LoginFailureTest" time="3.003"/>
  <testcase classname="TestCases.TC_LoginPage" name="TC03_LockedUserTest" time="4.326"/>
  <testcase classname="TestCases.TC_LoginPage" name="TC01_LoginSuccessTest" time="4.877"/>
</testsuite> <!-- TestCases.TC_LoginPage -->
